10-07-2023 07:51:27 [HikariPool-6 housekeeper] WARN  [coomeva.pinosonline.fidelizacion, trace=,span=] com.zaxxer.hikari.pool.HikariPool - HikariPool-6 - Thread starvation or clock leap detected (housekeeper delta=13h21m37s741ms106µs800ns).
10-07-2023 08:16:49 [http-nio-8080-exec-6] ERROR [coomeva.pinosonline.fidelizacion, trace=,span=] o.a.c.c.C.[.[.[.[dispatcherServlet] - Servlet.service() for servlet [dispatcherServlet] in context with path [/pinos] threw exception [Request processing failed; nested exception is com.sun.xml.internal.ws.spi.db.DatabindingException: java.lang.IllegalArgumentException: can't parse argument number: ''{0}''] with root cause
java.lang.NumberFormatException: For input string: "''{0}''"
	at java.lang.NumberFormatException.forInputString(NumberFormatException.java:65)
	at java.lang.Integer.parseInt(Integer.java:569)
	at java.lang.Integer.parseInt(Integer.java:615)
	at java.text.MessageFormat.makeFormat(MessageFormat.java:1427)
	at java.text.MessageFormat.applyPattern(MessageFormat.java:479)
	at java.text.MessageFormat.<init>(MessageFormat.java:362)
	at java.text.MessageFormat.format(MessageFormat.java:840)
	at com.sun.xml.internal.bind.v2.model.impl.Messages.format(Messages.java:117)
	at com.sun.xml.internal.bind.v2.model.impl.ReferencePropertyInfoImpl.calcTypes(ReferencePropertyInfoImpl.java:171)
	at com.sun.xml.internal.bind.v2.model.impl.ReferencePropertyInfoImpl.link(ReferencePropertyInfoImpl.java:372)
	at com.sun.xml.internal.bind.v2.model.impl.ClassInfoImpl.link(ClassInfoImpl.java:1257)
	at com.sun.xml.internal.bind.v2.model.impl.RuntimeClassInfoImpl.link(RuntimeClassInfoImpl.java:182)
	at com.sun.xml.internal.bind.v2.model.impl.ModelBuilder.link(ModelBuilder.java:439)
	at com.sun.xml.internal.bind.v2.model.impl.RuntimeModelBuilder.link(RuntimeModelBuilder.java:118)
	at com.sun.xml.internal.bind.v2.runtime.JAXBContextImpl.getTypeInfoSet(JAXBContextImpl.java:443)
	at com.sun.xml.internal.bind.v2.runtime.JAXBContextImpl.<init>(JAXBContextImpl.java:277)
	at com.sun.xml.internal.bind.v2.runtime.JAXBContextImpl.<init>(JAXBContextImpl.java:124)
	at com.sun.xml.internal.bind.v2.runtime.JAXBContextImpl$JAXBContextBuilder.build(JAXBContextImpl.java:1123)
	at com.sun.xml.internal.bind.v2.ContextFactory.createContext(ContextFactory.java:147)
	at com.sun.xml.internal.bind.api.JAXBRIContext.newInstance(JAXBRIContext.java:152)
	at com.sun.xml.internal.bind.api.JAXBRIContext.newInstance(JAXBRIContext.java:96)
	at com.sun.xml.internal.ws.developer.JAXBContextFactory$1.createJAXBContext(JAXBContextFactory.java:98)
	at com.sun.xml.internal.ws.db.glassfish.JAXBRIContextFactory.newContext(JAXBRIContextFactory.java:79)
	at com.sun.xml.internal.ws.spi.db.BindingContextFactory.create(BindingContextFactory.java:167)
	at com.sun.xml.internal.ws.model.AbstractSEIModelImpl$1.run(AbstractSEIModelImpl.java:203)
	at com.sun.xml.internal.ws.model.AbstractSEIModelImpl$1.run(AbstractSEIModelImpl.java:176)
	at java.security.AccessController.doPrivileged(Native Method)
	at com.sun.xml.internal.ws.model.AbstractSEIModelImpl.createJAXBContext(AbstractSEIModelImpl.java:176)
	at com.sun.xml.internal.ws.model.AbstractSEIModelImpl.postProcess(AbstractSEIModelImpl.java:95)
	at com.sun.xml.internal.ws.model.RuntimeModeler.buildRuntimeModel(RuntimeModeler.java:309)
	at com.sun.xml.internal.ws.db.DatabindingImpl.<init>(DatabindingImpl.java:85)
	at com.sun.xml.internal.ws.db.DatabindingProviderImpl.create(DatabindingProviderImpl.java:59)
	at com.sun.xml.internal.ws.db.DatabindingProviderImpl.create(DatabindingProviderImpl.java:43)
	at com.sun.xml.internal.ws.db.DatabindingFactoryImpl.createRuntime(DatabindingFactoryImpl.java:105)
	at com.sun.xml.internal.ws.client.WSServiceDelegate.buildRuntimeModel(WSServiceDelegate.java:875)
	at com.sun.xml.internal.ws.client.WSServiceDelegate.createSEIPortInfo(WSServiceDelegate.java:892)
	at com.sun.xml.internal.ws.client.WSServiceDelegate.addSEI(WSServiceDelegate.java:855)
	at com.sun.xml.internal.ws.client.WSServiceDelegate.getPort(WSServiceDelegate.java:435)
	at com.sun.xml.internal.ws.client.WSServiceDelegate.getPort(WSServiceDelegate.java:404)
	at com.sun.xml.internal.ws.client.WSServiceDelegate.getPort(WSServiceDelegate.java:386)
	at javax.xml.ws.Service.getPort(Service.java:119)
	at com.tecnocom.mediosdepago.sfc.webservice.SFCP7542600WS.getSFCP7542600WSHttpsSoap12Endpoint(SFCP7542600WS.java:168)
	at co.com.coomeva.pinos.services.PnsParticipanteServiceImpl.consumirServicioAltaCuentas(PnsParticipanteServiceImpl.java:67)
	at co.com.coomeva.pinos.controller.participante.PnsParticipanteController.service(PnsParticipanteController.java:229)
	at co.com.coomeva.pinos.controller.participante.PnsParticipanteController.create(PnsParticipanteController.java:141)
	at sun.reflect.NativeMethodAccessorImpl.invoke0(Native Method)
	at sun.reflect.NativeMethodAccessorImpl.invoke(NativeMethodAccessorImpl.java:62)
	at sun.reflect.DelegatingMethodAccessorImpl.invoke(DelegatingMethodAccessorImpl.java:43)
	at java.lang.reflect.Method.invoke(Method.java:498)
	at org.springframework.web.method.support.InvocableHandlerMethod.doInvoke(InvocableHandlerMethod.java:190)
	at org.springframework.web.method.support.InvocableHandlerMethod.invokeForRequest(InvocableHandlerMethod.java:138)
	at org.springframework.web.servlet.mvc.method.annotation.ServletInvocableHandlerMethod.invokeAndHandle(ServletInvocableHandlerMethod.java:104)
	at org.springframework.web.servlet.mvc.method.annotation.RequestMappingHandlerAdapter.invokeHandlerMethod(RequestMappingHandlerAdapter.java:892)
	at org.springframework.web.servlet.mvc.method.annotation.RequestMappingHandlerAdapter.handleInternal(RequestMappingHandlerAdapter.java:797)
	at org.springframework.web.servlet.mvc.method.AbstractHandlerMethodAdapter.handle(AbstractHandlerMethodAdapter.java:87)
	at org.springframework.web.servlet.DispatcherServlet.doDispatch(DispatcherServlet.java:1039)
	at org.springframework.web.servlet.DispatcherServlet.doService(DispatcherServlet.java:942)
	at org.springframework.web.servlet.FrameworkServlet.processRequest(FrameworkServlet.java:1005)
	at org.springframework.web.servlet.FrameworkServlet.doPost(FrameworkServlet.java:908)
	at javax.servlet.http.HttpServlet.service(HttpServlet.java:660)
	at org.springframework.web.servlet.FrameworkServlet.service(FrameworkServlet.java:882)
	at javax.servlet.http.HttpServlet.service(HttpServlet.java:741)
	at org.apache.catalina.core.ApplicationFilterChain.internalDoFilter(ApplicationFilterChain.java:231)
	at org.apache.catalina.core.ApplicationFilterChain.doFilter(ApplicationFilterChain.java:166)
	at org.apache.tomcat.websocket.server.WsFilter.doFilter(WsFilter.java:53)
	at org.apache.catalina.core.ApplicationFilterChain.internalDoFilter(ApplicationFilterChain.java:193)
	at org.apache.catalina.core.ApplicationFilterChain.doFilter(ApplicationFilterChain.java:166)
	at org.springframework.boot.actuate.web.trace.servlet.HttpTraceFilter.doFilterInternal(HttpTraceFilter.java:88)
	at org.springframework.web.filter.OncePerRequestFilter.doFilter(OncePerRequestFilter.java:118)
	at org.apache.catalina.core.ApplicationFilterChain.internalDoFilter(ApplicationFilterChain.java:193)
	at org.apache.catalina.core.ApplicationFilterChain.doFilter(ApplicationFilterChain.java:166)
	at org.springframework.web.filter.RequestContextFilter.doFilterInternal(RequestContextFilter.java:99)
	at org.springframework.web.filter.OncePerRequestFilter.doFilter(OncePerRequestFilter.java:118)
	at org.apache.catalina.core.ApplicationFilterChain.internalDoFilter(ApplicationFilterChain.java:193)
	at org.apache.catalina.core.ApplicationFilterChain.doFilter(ApplicationFilterChain.java:166)
	at org.springframework.web.filter.FormContentFilter.doFilterInternal(FormContentFilter.java:92)
	at org.springframework.web.filter.OncePerRequestFilter.doFilter(OncePerRequestFilter.java:118)
	at org.apache.catalina.core.ApplicationFilterChain.internalDoFilter(ApplicationFilterChain.java:193)
	at org.apache.catalina.core.ApplicationFilterChain.doFilter(ApplicationFilterChain.java:166)
	at org.springframework.web.filter.HiddenHttpMethodFilter.doFilterInternal(HiddenHttpMethodFilter.java:93)
	at org.springframework.web.filter.OncePerRequestFilter.doFilter(OncePerRequestFilter.java:118)
	at org.apache.catalina.core.ApplicationFilterChain.internalDoFilter(ApplicationFilterChain.java:193)
	at org.apache.catalina.core.ApplicationFilterChain.doFilter(ApplicationFilterChain.java:166)
	at org.springframework.boot.actuate.metrics.web.servlet.WebMvcMetricsFilter.filterAndRecordMetrics(WebMvcMetricsFilter.java:114)
	at org.springframework.boot.actuate.metrics.web.servlet.WebMvcMetricsFilter.doFilterInternal(WebMvcMetricsFilter.java:104)
	at org.springframework.web.filter.OncePerRequestFilter.doFilter(OncePerRequestFilter.java:118)
	at org.apache.catalina.core.ApplicationFilterChain.internalDoFilter(ApplicationFilterChain.java:193)
	at org.apache.catalina.core.ApplicationFilterChain.doFilter(ApplicationFilterChain.java:166)
	at org.springframework.web.filter.CharacterEncodingFilter.doFilterInternal(CharacterEncodingFilter.java:200)
	at org.springframework.web.filter.OncePerRequestFilter.doFilter(OncePerRequestFilter.java:118)
	at org.apache.catalina.core.ApplicationFilterChain.internalDoFilter(ApplicationFilterChain.java:193)
	at org.apache.catalina.core.ApplicationFilterChain.doFilter(ApplicationFilterChain.java:166)
	at org.apache.catalina.core.StandardWrapperValve.invoke(StandardWrapperValve.java:202)
	at org.apache.catalina.core.StandardContextValve.invoke(StandardContextValve.java:96)
	at org.apache.catalina.authenticator.AuthenticatorBase.invoke(AuthenticatorBase.java:526)
	at org.apache.catalina.core.StandardHostValve.invoke(StandardHostValve.java:139)
	at org.apache.catalina.valves.ErrorReportValve.invoke(ErrorReportValve.java:92)
	at org.apache.catalina.core.StandardEngineValve.invoke(StandardEngineValve.java:74)
	at org.apache.catalina.connector.CoyoteAdapter.service(CoyoteAdapter.java:343)
	at org.apache.coyote.http11.Http11Processor.service(Http11Processor.java:408)
	at org.apache.coyote.AbstractProcessorLight.process(AbstractProcessorLight.java:66)
	at org.apache.coyote.AbstractProtocol$ConnectionHandler.process(AbstractProtocol.java:860)
	at org.apache.tomcat.util.net.NioEndpoint$SocketProcessor.doRun(NioEndpoint.java:1587)
	at org.apache.tomcat.util.net.SocketProcessorBase.run(SocketProcessorBase.java:49)
	at java.util.concurrent.ThreadPoolExecutor.runWorker(ThreadPoolExecutor.java:1149)
	at java.util.concurrent.ThreadPoolExecutor$Worker.run(ThreadPoolExecutor.java:624)
	at org.apache.tomcat.util.threads.TaskThread$WrappingRunnable.run(TaskThread.java:61)
	at java.lang.Thread.run(Thread.java:748)
10-07-2023 13:13:35 [HikariPool-6 housekeeper] WARN  [coomeva.pinosonline.fidelizacion, trace=,span=] com.zaxxer.hikari.pool.HikariPool - HikariPool-6 - Thread starvation or clock leap detected (housekeeper delta=36m57s992ms225µs300ns).
